<?xml version="1.0" encoding="UTF-8"?>
<!-- Generated by org.testng.reporters.JUnitReportReporter -->
<testsuite hostname="David" failures="0" tests="4" name="com.class04.HW01" time="53.426" errors="0" timestamp="2021-08-19T17:54:29 PDT" skipped="0">
  <testcase classname="com.class04.HW01" name="login" time="13.468"/>
  <system-out/>
  <testcase classname="com.class04.HW01" name="login" time="12.969"/>
  <system-out/>
  <testcase classname="com.class04.HW01" name="login" time="13.455"/>
  <system-out/>
  <testcase classname="com.class04.HW01" name="login" time="13.534"/>
  <system-out/>
</testsuite> <!-- com.class04.HW01 -->
