<?xml version="1.0" encoding="UTF-8"?>
<!-- Generated by org.testng.reporters.JUnitReportReporter -->
<testsuite hostname="David" failures="0" tests="1" name="com.test.AddEmployeeTest" time="22.655" errors="0" timestamp="2020-05-31T14:41:50 PDT" skipped="0">
  <testcase classname="com.test.AddEmployeeTest" name="addEmployeePage" time="22.655"/>
  <system-out/>
</testsuite> <!-- com.test.AddEmployeeTest -->
