<?xml version="1.0" encoding="UTF-8"?>
<!-- Generated by org.testng.reporters.JUnitReportReporter -->
<testsuite hostname="David" failures="0" tests="1" name="com.class01.DifferentAnnotations" time="0.010" errors="0" timestamp="2021-08-08T16:15:10 PDT" skipped="0">
  <testcase classname="com.class01.DifferentAnnotations" name="testMethod" time="0.010"/>
  <system-out/>
</testsuite> <!-- com.class01.DifferentAnnotations -->
