<?xml version="1.0" encoding="UTF-8"?>
<!-- Generated by org.testng.reporters.JUnitReportReporter -->
<testsuite hostname="David" failures="0" tests="1" name="com.test.sauceParameterDemo" time="10.283" errors="0" timestamp="2020-06-04T00:14:46 PDT" skipped="0">
  <testcase classname="com.test.sauceParameterDemo" name="login" time="10.283"/>
  <system-out/>
</testsuite> <!-- com.test.sauceParameterDemo -->
