<?xml version="1.0" encoding="UTF-8"?>
<!-- Generated by org.testng.reporters.JUnitReportReporter -->
<testsuite hostname="David" failures="0" tests="1" name="com.test.HW02" time="10.810" errors="0" timestamp="2021-08-18T13:07:13 PDT" skipped="0">
  <testcase classname="com.test.HW02" name="requiredCheck" time="10.810"/>
  <system-out/>
</testsuite> <!-- com.test.HW02 -->
