<?xml version="1.0" encoding="UTF-8"?>
<!-- Generated by org.testng.reporters.JUnitReportReporter -->
<testsuite hostname="David" failures="0" tests="1" name="com.class01.TestNGDemo01" time="0.001" errors="0" timestamp="2021-08-18T14:34:32 PDT" skipped="0">
  <testcase classname="com.class01.TestNGDemo01" name="testOne" time="0.001"/>
  <system-out/>
</testsuite> <!-- com.class01.TestNGDemo01 -->
