<?xml version="1.0" encoding="UTF-8"?>
<!-- Generated by org.testng.reporters.JUnitReportReporter -->
<testsuite hostname="David" failures="0" tests="1" name="com.test.LoginTest" time="4.651" errors="0" timestamp="2021-08-17T20:22:15 PDT" skipped="0">
  <testcase classname="com.test.LoginTest" name="invalidPasswordLogin" time="4.651"/>
  <system-out/>
</testsuite> <!-- com.test.LoginTest -->
