<?xml version="1.0" encoding="UTF-8"?>
<!-- Generated by org.testng.reporters.JUnitReportReporter -->
<testsuite hostname="David" failures="0" tests="1" name="com.testNG.class01.DifferentAnnotations" time="0.011" errors="0" timestamp="2020-05-27T13:14:11 PDT" skipped="0">
  <testcase classname="com.testNG.class01.DifferentAnnotations" name="testMethod" time="0.011"/>
  <system-out/>
</testsuite> <!-- com.testNG.class01.DifferentAnnotations -->
