<?xml version="1.0" encoding="UTF-8"?>
<!-- Generated by org.testng.reporters.JUnitReportReporter -->
<testsuite hostname="David" failures="0" tests="1" name="com.class05.Recap" time="0.015" errors="0" timestamp="2021-08-21T11:33:04 PDT" skipped="0">
  <testcase classname="com.class05.Recap" name="arrayRecap" time="0.015"/>
  <system-out/>
</testsuite> <!-- com.class05.Recap -->
