<?xml version="1.0" encoding="UTF-8"?>
<!-- Generated by org.testng.reporters.JUnitReportReporter -->
<testsuite hostname="David" failures="0" tests="1" name="com.test.AddEmployeeTest" time="19.595" errors="0" timestamp="2020-05-30T16:21:37 PDT" skipped="0">
  <testcase classname="com.test.AddEmployeeTest" name="AddEmployeeTest" time="19.595"/>
  <system-out/>
</testsuite> <!-- com.test.AddEmployeeTest -->
