<?xml version="1.0" encoding="UTF-8"?>
<!-- Generated by org.testng.reporters.JUnitReportReporter -->
<testsuite hostname="David" failures="0" tests="2" name="com.class04.ListenerDemo" time="0.018" errors="0" timestamp="2020-06-05T11:48:19 PDT" skipped="0">
  <testcase classname="com.class04.ListenerDemo" name="test2" time="0.002"/>
  <system-out/>
  <testcase classname="com.class04.ListenerDemo" name="test1" time="0.016"/>
  <system-out/>
</testsuite> <!-- com.class04.ListenerDemo -->
