<?xml version="1.0" encoding="UTF-8"?>
<!-- Generated by org.testng.reporters.JUnitReportReporter -->
<testsuite hostname="David" failures="0" tests="2" name="com.class02.AssertionDemo" time="7.312" errors="0" timestamp="2021-08-18T14:32:03 PDT" skipped="0">
  <testcase classname="com.class02.AssertionDemo" name="titleValidation" time="3.432"/>
  <system-out/>
  <testcase classname="com.class02.AssertionDemo" name="logoValidation" time="3.880"/>
  <system-out/>
</testsuite> <!-- com.class02.AssertionDemo -->
