<?xml version="1.0" encoding="UTF-8"?>
<!-- Generated by org.testng.reporters.JUnitReportReporter -->
<testsuite hostname="David" failures="0" tests="1" name="com.test.InvalidLoginTest" time="4.576" errors="0" timestamp="2021-08-17T20:08:34 PDT" skipped="0">
  <testcase classname="com.test.InvalidLoginTest" name="invalidLogin" time="4.576"/>
  <system-out/>
</testsuite> <!-- com.test.InvalidLoginTest -->
