<?xml version="1.0" encoding="UTF-8"?>
<!-- Generated by org.testng.reporters.JUnitReportReporter -->
<testsuite hostname="David" failures="0" tests="1" name="com.test.HWTest" time="28.881" errors="0" timestamp="2020-06-01T23:46:19 PDT" skipped="0">
  <testcase classname="com.test.HWTest" name="loginCredentials" time="28.881"/>
  <system-out/>
</testsuite> <!-- com.test.HWTest -->
