<?xml version="1.0" encoding="UTF-8"?>
<!-- Generated by org.testng.reporters.JUnitReportReporter -->
<testsuite hostname="David" failures="0" tests="6" name="com.class01.TaskTwo" time="0.020" errors="0" timestamp="2020-08-18T15:27:04 PDT" skipped="0">
  <testcase classname="com.class01.TaskTwo" name="test1" time="0.002"/>
  <system-out/>
  <testcase classname="com.class01.TaskTwo" name="test1" time="0.003"/>
  <system-out/>
  <testcase classname="com.class01.TaskTwo" name="test2" time="0.007"/>
  <system-out/>
  <testcase classname="com.class01.TaskTwo" name="test3" time="0.004"/>
  <system-out/>
  <testcase classname="com.class01.TaskTwo" name="test2" time="0.001"/>
  <system-out/>
  <testcase classname="com.class01.TaskTwo" name="test3" time="0.003"/>
  <system-out/>
</testsuite> <!-- com.class01.TaskTwo -->
