<?xml version="1.0" encoding="UTF-8"?>
<!-- Generated by org.testng.reporters.JUnitReportReporter -->
<testsuite hostname="David" failures="0" tests="2" name="com.testNG.class02.HW" time="24.911" errors="0" timestamp="2020-05-29T00:08:14 PDT" skipped="0">
  <testcase classname="com.testNG.class02.HW" name="invalidLogin" time="7.936"/>
  <system-out/>
  <testcase classname="com.testNG.class02.HW" name="validLogin" time="16.975"/>
  <system-out/>
</testsuite> <!-- com.testNG.class02.HW -->
