<?xml version="1.0" encoding="UTF-8"?>
<!-- Generated by org.testng.reporters.JUnitReportReporter -->
<testsuite hostname="David" failures="0" tests="3" name="com.class01.TitleLogoAndLoginValidation" time="13.286" errors="0" timestamp="2021-08-08T17:15:55 PDT" skipped="0">
  <testcase classname="com.class01.TitleLogoAndLoginValidation" name="logoValidation" time="3.602"/>
  <system-out/>
  <testcase classname="com.class01.TitleLogoAndLoginValidation" name="titleValidation" time="4.268"/>
  <system-out/>
  <testcase classname="com.class01.TitleLogoAndLoginValidation" name="loginValidation" time="5.416"/>
  <system-out/>
</testsuite> <!-- com.class01.TitleLogoAndLoginValidation -->
