<?xml version="1.0" encoding="UTF-8"?>
<!-- Generated by org.testng.reporters.JUnitReportReporter -->
<testsuite hostname="David" failures="0" tests="2" name="com.testNG.class02.AssertionDemo" time="23.875" errors="0" timestamp="2020-05-29T12:50:07 PDT" skipped="0">
  <testcase classname="com.testNG.class02.AssertionDemo" name="titleValidation" time="10.135"/>
  <system-out/>
  <testcase classname="com.testNG.class02.AssertionDemo" name="logoValidation" time="13.740"/>
  <system-out/>
</testsuite> <!-- com.testNG.class02.AssertionDemo -->
