<?xml version="1.0" encoding="UTF-8"?>
<!-- Generated by org.testng.reporters.JUnitReportReporter -->
<testsuite hostname="David" failures="0" tests="3" name="com.testNG.class01.TaskTwo" time="0.021" errors="0" timestamp="2020-05-27T13:35:07 PDT" skipped="0">
  <testcase classname="com.testNG.class01.TaskTwo" name="test1" time="0.010"/>
  <system-out/>
  <testcase classname="com.testNG.class01.TaskTwo" name="test2" time="0.007"/>
  <system-out/>
  <testcase classname="com.testNG.class01.TaskTwo" name="test3" time="0.004"/>
  <system-out/>
</testsuite> <!-- com.testNG.class01.TaskTwo -->
