<?xml version="1.0" encoding="UTF-8"?>
<!-- Generated by org.testng.reporters.JUnitReportReporter -->
<testsuite hostname="David" failures="0" tests="1" name="com.class02.SoftAssertionDemo" time="7.300" errors="0" timestamp="2021-08-11T22:47:43 PDT" skipped="0">
  <testcase classname="com.class02.SoftAssertionDemo" name="logoAndWelcomeValidation" time="7.300"/>
  <system-out/>
</testsuite> <!-- com.class02.SoftAssertionDemo -->
