<?xml version="1.0" encoding="UTF-8"?>
<!-- Generated by org.testng.reporters.JUnitReportReporter -->
<testsuite hostname="David" failures="0" tests="3" name="com.testNG.review.sauceDemoTask" time="27.837" errors="0" timestamp="2020-05-29T18:34:57 PDT" skipped="0">
  <testcase classname="com.testNG.review.sauceDemoTask" name="login" time="9.953"/>
  <system-out/>
  <testcase classname="com.testNG.review.sauceDemoTask" name="verigfLogin" time="8.448"/>
  <system-out/>
  <testcase classname="com.testNG.review.sauceDemoTask" name="select" time="9.436"/>
  <system-out/>
</testsuite> <!-- com.testNG.review.sauceDemoTask -->
