<?xml version="1.0" encoding="UTF-8"?>
<!-- Generated by org.testng.reporters.JUnitReportReporter -->
<testsuite hostname="David" failures="0" tests="6" name="com.class01.TestNGDemo" time="0.024" errors="0" timestamp="2020-08-18T15:27:04 PDT" skipped="0">
  <testcase classname="com.class01.TestNGDemo" name="testThree" time="0.014"/>
  <system-out/>
  <testcase classname="com.class01.TestNGDemo" name="testTwo" time="0.001"/>
  <system-out/>
  <testcase classname="com.class01.TestNGDemo" name="testThree" time="0.003"/>
  <system-out/>
  <testcase classname="com.class01.TestNGDemo" name="testOne" time="0.001"/>
  <system-out/>
  <testcase classname="com.class01.TestNGDemo" name="testTwo" time="0.002"/>
  <system-out/>
  <testcase classname="com.class01.TestNGDemo" name="testOne" time="0.003"/>
  <system-out/>
</testsuite> <!-- com.class01.TestNGDemo -->
