<?xml version="1.0" encoding="UTF-8"?>
<!-- Generated by org.testng.reporters.JUnitReportReporter -->
<testsuite hostname="David" failures="0" tests="1" name="com.class02.AssertClassDemo" time="4.475" errors="0" timestamp="2021-08-11T22:47:43 PDT" skipped="0">
  <testcase classname="com.class02.AssertClassDemo" name="titleValidation" time="4.475"/>
  <system-out/>
</testsuite> <!-- com.class02.AssertClassDemo -->
