<?xml version="1.0" encoding="UTF-8"?>
<!-- Generated by org.testng.reporters.JUnitReportReporter -->
<testsuite hostname="David" failures="0" tests="3" name="com.class01.TaskTwo" time="0.015" errors="0" timestamp="2021-08-08T16:25:54 PDT" skipped="0">
  <testcase classname="com.class01.TaskTwo" name="test2" time="0.002"/>
  <system-out/>
  <testcase classname="com.class01.TaskTwo" name="test3" time="0.002"/>
  <system-out/>
  <testcase classname="com.class01.TaskTwo" name="test1" time="0.011"/>
  <system-out/>
</testsuite> <!-- com.class01.TaskTwo -->
