<?xml version="1.0" encoding="UTF-8"?>
<!-- Generated by org.testng.reporters.JUnitReportReporter -->
<testsuite hostname="David" failures="0" tests="1" name="com.testNG.class02.Task" time="15.507" errors="0" timestamp="2020-05-29T13:19:43 PDT" skipped="0">
  <testcase classname="com.testNG.class02.Task" name="logoAndWelcomeValid" time="15.507"/>
  <system-out/>
</testsuite> <!-- com.testNG.class02.Task -->
