<?xml version="1.0" encoding="UTF-8"?>
<!-- Generated by org.testng.reporters.JUnitReportReporter -->
<testsuite hostname="David" failures="0" tests="2" name="com.class01.DifferentAnnotations" time="0.013" errors="0" timestamp="2020-08-18T15:27:04 PDT" skipped="0">
  <testcase classname="com.class01.DifferentAnnotations" name="testMethod" time="0.002"/>
  <system-out/>
  <testcase classname="com.class01.DifferentAnnotations" name="testMethod" time="0.011"/>
  <system-out/>
</testsuite> <!-- com.class01.DifferentAnnotations -->
