<?xml version="1.0" encoding="UTF-8"?>
<!-- Generated by org.testng.reporters.JUnitReportReporter -->
<testsuite hostname="David" failures="0" tests="3" name="com.class02.Task02" time="16.917" errors="0" timestamp="2021-08-18T14:32:03 PDT" skipped="0">
  <testcase classname="com.class02.Task02" name="logoDisplayed" time="4.260"/>
  <system-out/>
  <testcase classname="com.class02.Task02" name="signIn" time="6.285"/>
  <system-out/>
  <testcase classname="com.class02.Task02" name="verification" time="6.372"/>
  <system-out/>
</testsuite> <!-- com.class02.Task02 -->
