<?xml version="1.0" encoding="UTF-8"?>
<!-- Generated by org.testng.reporters.JUnitReportReporter -->
<testsuite hostname="David" failures="0" tests="1" name="com.class01.TestNGDemo" time="0.011" errors="0" timestamp="2021-08-08T15:53:12 PDT" skipped="0">
  <testcase classname="com.class01.TestNGDemo" name="testFour" time="0.011"/>
  <system-out/>
</testsuite> <!-- com.class01.TestNGDemo -->
