<?xml version="1.0" encoding="UTF-8"?>
<!-- Generated by org.testng.reporters.JUnitReportReporter -->
<testsuite hostname="David" failures="0" tests="4" name="com.class01.TestNGDemo" time="0.009" errors="0" timestamp="2021-08-18T14:34:32 PDT" skipped="0">
  <testcase classname="com.class01.TestNGDemo" name="testFour" time="0.002"/>
  <system-out/>
  <testcase classname="com.class01.TestNGDemo" name="testThree" time="0.002"/>
  <system-out/>
  <testcase classname="com.class01.TestNGDemo" name="testTwo" time="0.002"/>
  <system-out/>
  <testcase classname="com.class01.TestNGDemo" name="testOne" time="0.003"/>
  <system-out/>
</testsuite> <!-- com.class01.TestNGDemo -->
