<?xml version="1.0" encoding="UTF-8"?>
<!-- Generated by org.testng.reporters.JUnitReportReporter -->
<testsuite hostname="David" failures="0" tests="3" name="com.testNG.class01.TestNGDemo" time="0.016" errors="0" timestamp="2020-05-27T10:54:44 PDT" skipped="0">
  <testcase classname="com.testNG.class01.TestNGDemo" name="testTwo" time="0.003"/>
  <system-out/>
  <testcase classname="com.testNG.class01.TestNGDemo" name="testOne" time="0.010"/>
  <system-out/>
  <testcase classname="com.testNG.class01.TestNGDemo" name="testThree" time="0.003"/>
  <system-out/>
</testsuite> <!-- com.testNG.class01.TestNGDemo -->
