<?xml version="1.0" encoding="UTF-8"?>
<!-- Generated by org.testng.reporters.JUnitReportReporter -->
<testsuite hostname="David" failures="0" tests="1" name="com.test.AddEmployeeTest" time="16.786" errors="0" timestamp="2021-08-17T20:22:15 PDT" skipped="0">
  <testcase classname="com.test.AddEmployeeTest" name="addEmployeePage" time="16.786"/>
  <system-out/>
</testsuite> <!-- com.test.AddEmployeeTest -->
