<?xml version="1.0" encoding="UTF-8"?>
<!-- Generated by org.testng.reporters.JUnitReportReporter -->
<testsuite hostname="David" failures="0" tests="1" name="com.test.InvalidLoginTest" time="9.622" errors="0" timestamp="2020-06-08T23:43:04 PDT" skipped="0">
  <testcase classname="com.test.InvalidLoginTest" name="invalidLogin" time="9.622"/>
  <system-out/>
</testsuite> <!-- com.test.InvalidLoginTest -->
