<?xml version="1.0" encoding="UTF-8"?>
<!-- Generated by org.testng.reporters.JUnitReportReporter -->
<testsuite hostname="David" failures="0" tests="5" name="com.class02.TaskOne" time="0.016" errors="0" timestamp="2021-08-11T22:47:43 PDT" skipped="1">
  <testcase classname="com.class02.TaskOne" name="fourthMethod" time="0.010"/>
  <system-out/>
  <testcase classname="com.class02.TaskOne" name="thirdMethod" time="0.002"/>
  <system-out/>
  <testcase classname="com.class02.TaskOne" name="secondMethod" time="0.002"/>
  <system-out/>
  <testcase classname="com.class02.TaskOne" name="firstMethod" time="0.002"/>
  <system-out/>
  <testcase classname="com.class02.TaskOne" name="firstMethod1">
    <skipped/>
  </testcase> <!-- firstMethod1 -->
  <system-out/>
</testsuite> <!-- com.class02.TaskOne -->
