<?xml version="1.0" encoding="UTF-8"?>
<!-- Generated by org.testng.reporters.JUnitReportReporter -->
<testsuite hostname="David" failures="0" tests="2" name="com.test.HW" time="18.785" errors="0" timestamp="2021-08-18T12:15:53 PDT" skipped="0">
  <testcase classname="com.test.HW" name="addEmployee" time="12.662"/>
  <system-out/>
  <testcase classname="com.test.HW" name="login" time="6.123"/>
  <system-out/>
</testsuite> <!-- com.test.HW -->
