<?xml version="1.0" encoding="UTF-8"?>
<!-- Generated by org.testng.reporters.JUnitReportReporter -->
<testsuite hostname="David" failures="0" tests="3" name="com.testNG.class01.TaskTwo" time="0.019" errors="0" timestamp="2020-05-27T14:41:54 PDT" skipped="0">
  <testcase classname="com.testNG.class01.TaskTwo" name="test1" time="0.011"/>
  <system-out/>
  <testcase classname="com.testNG.class01.TaskTwo" name="test2" time="0.005"/>
  <system-out/>
  <testcase classname="com.testNG.class01.TaskTwo" name="test3" time="0.003"/>
  <system-out/>
</testsuite> <!-- com.testNG.class01.TaskTwo -->
