<?xml version="1.0" encoding="UTF-8"?>
<!-- Generated by org.testng.reporters.JUnitReportReporter -->
<testsuite hostname="David" failures="0" tests="1" name="com.class02.SoftAssertionDemo" time="17.010" errors="0" timestamp="2020-05-31T14:07:59 PDT" skipped="0">
  <testcase classname="com.class02.SoftAssertionDemo" name="logoAndWelcomeValidation" time="17.010"/>
  <system-out/>
</testsuite> <!-- com.class02.SoftAssertionDemo -->
