<?xml version="1.0" encoding="UTF-8"?>
<!-- Generated by org.testng.reporters.JUnitReportReporter -->
<testsuite hostname="David" failures="0" tests="3" name="com.class02.Task02" time="17.475" errors="0" timestamp="2021-08-11T22:47:43 PDT" skipped="0">
  <testcase classname="com.class02.Task02" name="logoDisplayed" time="4.576"/>
  <system-out/>
  <testcase classname="com.class02.Task02" name="signIn" time="5.292"/>
  <system-out/>
  <testcase classname="com.class02.Task02" name="verification" time="7.607"/>
  <system-out/>
</testsuite> <!-- com.class02.Task02 -->
