<?xml version="1.0" encoding="UTF-8"?>
<!-- Generated by org.testng.reporters.JUnitReportReporter -->
<testsuite hostname="David" failures="0" tests="3" name="com.class01.TitleLogoAndLoginValidation" time="15.383" errors="0" timestamp="2021-08-18T14:34:32 PDT" skipped="0">
  <testcase classname="com.class01.TitleLogoAndLoginValidation" name="logoValidation" time="4.451"/>
  <system-out/>
  <testcase classname="com.class01.TitleLogoAndLoginValidation" name="titleValidation" time="4.884"/>
  <system-out/>
  <testcase classname="com.class01.TitleLogoAndLoginValidation" name="loginValidation" time="6.048"/>
  <system-out/>
</testsuite> <!-- com.class01.TitleLogoAndLoginValidation -->
