<?xml version="1.0" encoding="UTF-8"?>
<!-- Generated by org.testng.reporters.JUnitReportReporter -->
<testsuite hostname="David" failures="0" tests="4" name="com.class04.HW01" time="54.957" errors="0" timestamp="2021-08-19T15:45:42 PDT" skipped="0">
  <testcase classname="com.class04.HW01" name="login" time="14.094"/>
  <system-out/>
  <testcase classname="com.class04.HW01" name="login" time="13.618"/>
  <system-out/>
  <testcase classname="com.class04.HW01" name="login" time="13.166"/>
  <system-out/>
  <testcase classname="com.class04.HW01" name="login" time="14.079"/>
  <system-out/>
</testsuite> <!-- com.class04.HW01 -->
