<?xml version="1.0" encoding="UTF-8"?>
<!-- Generated by org.testng.reporters.JUnitReportReporter -->
<testsuite hostname="David" failures="0" tests="3" name="com.test.LoginTest" time="36.855" errors="0" timestamp="2020-05-30T16:28:09 PDT" skipped="0">
  <testcase classname="com.test.LoginTest" name="adminLogin" time="14.611"/>
  <system-out/>
  <testcase classname="com.test.LoginTest" name="emptyUsernameLogin" time="9.843"/>
  <system-out/>
  <testcase classname="com.test.LoginTest" name="invalidPasswordLogin" time="12.401"/>
  <system-out/>
</testsuite> <!-- com.test.LoginTest -->
