<?xml version="1.0" encoding="UTF-8"?>
<!-- Generated by org.testng.reporters.JUnitReportReporter -->
<testsuite hostname="David" failures="0" tests="3" name="com.class01.TaskTwo" time="12.251" errors="0" timestamp="2021-08-08T17:27:42 PDT" skipped="0">
  <testcase classname="com.class01.TaskTwo" name="test3" time="4.388"/>
  <system-out/>
  <testcase classname="com.class01.TaskTwo" name="test1" time="3.532"/>
  <system-out/>
  <testcase classname="com.class01.TaskTwo" name="test2" time="4.331"/>
  <system-out/>
</testsuite> <!-- com.class01.TaskTwo -->
