<?xml version="1.0" encoding="UTF-8"?>
<!-- Generated by org.testng.reporters.JUnitReportReporter -->
<testsuite hostname="David" failures="0" tests="4" name="com.review.SauceDemoTest" time="47.777" errors="0" timestamp="2020-06-03T23:50:15 PDT" skipped="0">
  <testcase classname="com.review.SauceDemoTest" name="test" time="16.785"/>
  <system-out/>
  <testcase classname="com.review.SauceDemoTest" name="test" time="10.735"/>
  <system-out/>
  <testcase classname="com.review.SauceDemoTest" name="test" time="10.678"/>
  <system-out/>
  <testcase classname="com.review.SauceDemoTest" name="test" time="9.579"/>
  <system-out/>
</testsuite> <!-- com.review.SauceDemoTest -->
